# JRE version: Java(TM) SE Runtime Environment (7.0_79-b15) (build 1.7.0_79-b15)
# Java VM: Java HotSpot(TM) Client VM (24.79-b02 mixed mode windows-x86 )
Heap
 def new generation   total 4928K, used 4664K [0x03c00000, 0x04150000, 0x09150000)
  eden space 4416K,  94% used [0x03c00000, 0x0400e278, 0x04050000)
  from space 512K, 100% used [0x040d0000, 0x04150000, 0x04150000)
  to   space 512K,   0% used [0x04050000, 0x04050000, 0x040d0000)
 tenured generation   total 10944K, used 4254K [0x09150000, 0x09c00000, 0x13c00000)
   the space 10944K,  38% used [0x09150000, 0x09577b40, 0x09577c00, 0x09c00000)
 compacting perm gen  total 12288K, used 8581K [0x13c00000, 0x14800000, 0x17c00000)
   the space 12288K,  69% used [0x13c00000, 0x14461598, 0x14461600, 0x14800000)
GC Heap History (10 events):
Event: 4.846 GC heap before
{Heap before GC invocations=8 (full 0):
 def new generation   total 4928K, used 4566K [0x03c00000, 0x04150000, 0x09150000)
  eden space 4416K,  99% used [0x03c00000, 0x0404fb70, 0x04050000)
  from space 512K,  29% used [0x04050000, 0x04075fb0, 0x040d0000)
  to   space 512K,   0% used [0x040d0000, 0x040d0000, 0x04150000)
 tenured generation   total 10944K, used 2134K [0x09150000, 0x09c00000, 0x13c00000)
   the space 10944K,  19% used [0x09150000, 0x093658f8, 0x09365a00, 0x09c00000)
 compacting perm gen  total 12288K, used 5849K [0x13c00000, 0x14800000, 0x17c00000)
   the space 12288K,  47% used [0x13c00000, 0x141b6670, 0x141b6800, 0x14800000)
No shared spaces configured.
Event: 4.846 GC heap after
Heap after GC invocations=9 (full 0):
 def new generation   total 4928K, used 116K [0x03c00000, 0x04150000, 0x09150000)
  eden space 4416K,   0% used [0x03c00000, 0x03c00000, 0x04050000)
  from space 512K,  22% used [0x040d0000, 0x040ed1f0, 0x04150000)
  to   space 512K,   0% used [0x04050000, 0x04050000, 0x040d0000)
 tenured generation   total 10944K, used 2134K [0x09150000, 0x09c00000, 0x13c00000)
   the space 10944K,  19% used [0x09150000, 0x093658f8, 0x09365a00, 0x09c00000)
 compacting perm gen  total 12288K, used 5849K [0x13c00000, 0x14800000, 0x17c00000)
   the space 12288K,  47% used [0x13c00000, 0x141b6670, 0x141b6800, 0x14800000)
No shared spaces configured.
}
Event: 4.867 GC heap before
{Heap before GC invocations=9 (full 0):
 def new generation   total 4928K, used 4532K [0x03c00000, 0x04150000, 0x09150000)
  eden space 4416K, 100% used [0x03c00000, 0x04050000, 0x04050000)
  from space 512K,  22% used [0x040d0000, 0x040ed1f0, 0x04150000)
  to   space 512K,   0% used [0x04050000, 0x04050000, 0x040d0000)
 tenured generation   total 10944K, used 2134K [0x09150000, 0x09c00000, 0x13c00000)
   the space 10944K,  19% used [0x09150000, 0x093658f8, 0x09365a00, 0x09c00000)
 compacting perm gen  total 12288K, used 5856K [0x13c00000, 0x14800000, 0x17c00000)
   the space 12288K,  47% used [0x13c00000, 0x141b80e8, 0x141b8200, 0x14800000)
No shared spaces configured.
Event: 4.868 GC heap after
Heap after GC invocations=10 (full 0):
 def new generation   total 4928K, used 176K [0x03c00000, 0x04150000, 0x09150000)
  eden space 4416K,   0% used [0x03c00000, 0x03c00000, 0x04050000)
  from space 512K,  34% used [0x04050000, 0x0407c368, 0x040d0000)
  to   space 512K,   0% used [0x040d0000, 0x040d0000, 0x04150000)
 tenured generation   total 10944K, used 2134K [0x09150000, 0x09c00000, 0x13c00000)
   the space 10944K,  19% used [0x09150000, 0x093658f8, 0x09365a00, 0x09c00000)
 compacting perm gen  total 12288K, used 5856K [0x13c00000, 0x14800000, 0x17c00000)
   the space 12288K,  47% used [0x13c00000, 0x141b80e8, 0x141b8200, 0x14800000)
No shared spaces configured.
}
Event: 4.914 GC heap before
{Heap before GC invocations=10 (full 0):
 def new generation   total 4928K, used 4592K [0x03c00000, 0x04150000, 0x09150000)
  eden space 4416K, 100% used [0x03c00000, 0x04050000, 0x04050000)
  from space 512K,  34% used [0x04050000, 0x0407c368, 0x040d0000)
  to   space 512K,   0% used [0x040d0000, 0x040d0000, 0x04150000)
 tenured generation   total 10944K, used 2134K [0x09150000, 0x09c00000, 0x13c00000)
   the space 10944K,  19% used [0x09150000, 0x093658f8, 0x09365a00, 0x09c00000)
 compacting perm gen  total 12288K, used 5901K [0x13c00000, 0x14800000, 0x17c00000)
   the space 12288K,  48% used [0x13c00000, 0x141c3580, 0x141c3600, 0x14800000)
No shared spaces configured.
Event: 4.915 GC heap after
Heap after GC invocations=11 (full 0):
 def new generation   total 4928K, used 121K [0x03c00000, 0x04150000, 0x09150000)
  eden space 4416K,   0% used [0x03c00000, 0x03c00000, 0x04050000)
  from space 512K,  23% used [0x040d0000, 0x040ee548, 0x04150000)
  to   space 512K,   0% used [0x04050000, 0x04050000, 0x040d0000)
 tenured generation   total 10944K, used 2134K [0x09150000, 0x09c00000, 0x13c00000)
   the space 10944K,  19% used [0x09150000, 0x093658f8, 0x09365a00, 0x09c00000)
 compacting perm gen  total 12288K, used 5901K [0x13c00000, 0x14800000, 0x17c00000)
   the space 12288K,  48% used [0x13c00000, 0x141c3580, 0x141c3600, 0x14800000)
No shared spaces configured.
}
Event: 5.273 GC heap before
{Heap before GC invocations=11 (full 0):
 def new generation   total 4928K, used 4537K [0x03c00000, 0x04150000, 0x09150000)
  eden space 4416K, 100% used [0x03c00000, 0x04050000, 0x04050000)
  from space 512K,  23% used [0x040d0000, 0x040ee548, 0x04150000)
  to   space 512K,   0% used [0x04050000, 0x04050000, 0x040d0000)
 tenured generation   total 10944K, used 2134K [0x09150000, 0x09c00000, 0x13c00000)
   the space 10944K,  19% used [0x09150000, 0x093658f8, 0x09365a00, 0x09c00000)
 compacting perm gen  total 12288K, used 6810K [0x13c00000, 0x14800000, 0x17c00000)
   the space 12288K,  55% used [0x13c00000, 0x142a6b98, 0x142a6c00, 0x14800000)
No shared spaces configured.
Event: 5.278 GC heap after
Heap after GC invocations=12 (full 0):
 def new generation   total 4928K, used 512K [0x03c00000, 0x04150000, 0x09150000)
  eden space 4416K,   0% used [0x03c00000, 0x03c00000, 0x04050000)
  from space 512K, 100% used [0x04050000, 0x040d0000, 0x040d0000)
  to   space 512K,   0% used [0x040d0000, 0x040d0000, 0x04150000)
 tenured generation   total 10944K, used 2967K [0x09150000, 0x09c00000, 0x13c00000)
   the space 10944K,  27% used [0x09150000, 0x09435e68, 0x09436000, 0x09c00000)
 compacting perm gen  total 12288K, used 6810K [0x13c00000, 0x14800000, 0x17c00000)
   the space 12288K,  55% used [0x13c00000, 0x142a6b98, 0x142a6c00, 0x14800000)
No shared spaces configured.
}
Event: 5.823 GC heap before
{Heap before GC invocations=12 (full 0):
 def new generation   total 4928K, used 4928K [0x03c00000, 0x04150000, 0x09150000)
  eden space 4416K, 100% used [0x03c00000, 0x04050000, 0x04050000)
  from space 512K, 100% used [0x04050000, 0x040d0000, 0x040d0000)
  to   space 512K,   0% used [0x040d0000, 0x040d0000, 0x04150000)
 tenured generation   total 10944K, used 2967K [0x09150000, 0x09c00000, 0x13c00000)
   the space 10944K,  27% used [0x09150000, 0x09435e68, 0x09436000, 0x09c00000)
 compacting perm gen  total 12288K, used 7834K [0x13c00000, 0x14800000, 0x17c00000)
   the space 12288K,  63% used [0x13c00000, 0x143a6a18, 0x143a6c00, 0x14800000)
No shared spaces configured.
Event: 5.829 GC heap after
Heap after GC invocations=13 (full 0):
 def new generation   total 4928K, used 512K [0x03c00000, 0x04150000, 0x09150000)
  eden space 4416K,   0% used [0x03c00000, 0x03c00000, 0x04050000)
  from space 512K, 100% used [0x040d0000, 0x04150000, 0x04150000)
  to   space 512K,   0% used [0x04050000, 0x04050000, 0x040d0000)
 tenured generation   total 10944K, used 4254K [0x09150000, 0x09c00000, 0x13c00000)
   the space 10944K,  38% used [0x09150000, 0x09577b40, 0x09577c00, 0x09c00000)
 compacting perm gen  total 12288K, used 7834K [0x13c00000, 0x14800000, 0x17c00000)
   the space 12288K,  63% used [0x13c00000, 0x143a6a18, 0x143a6c00, 0x14800000)
No shared spaces configured.
}

